<?xml version="1.0" encoding="UTF-8"?>
<!-- Generated by org.testng.reporters.JUnitXMLReporter -->
<testsuite hostname="DESKTOP-587759Q" ignored="0" name="DriverTest(failed)" tests="1" failures="1" timestamp="07 Oct 2017 07:48:20 GMT" time="0.362" errors="0">
  <testcase name="logintest" time="0.007" classname="com.bitm.newtours.Test.FlightFinderTest">
    <failure type="java.lang.NullPointerException">
      <![CDATA[java.lang.NullPointerException
	at com.bitm.newtours.Test.FlightFinderTest.logintest(FlightFinderTest.java:23)
... Removed 25 stack frames]]>
    </failure>
  </testcase> <!-- logintest -->
</testsuite> <!-- DriverTest(failed) -->
