<?xml version="1.0" encoding="UTF-8"?>
<testng-results skipped="0" failed="1" ignored="0" total="3" passed="2">
  <reporter-output>
  </reporter-output>
  <suite name="Suite Test" duration-ms="12075" started-at="2017-10-07T08:13:51Z" finished-at="2017-10-07T08:14:03Z">
    <groups>
    </groups>
    <test name="DriverTest" duration-ms="12075" started-at="2017-10-07T08:13:51Z" finished-at="2017-10-07T08:14:03Z">
      <class name="com.bitm.newtours.Test.FlightFinderTest">
        <test-method status="FAIL" signature="flightFindermod(java.util.List)[pri:1, instance:com.bitm.newtours.Test.FlightFinderTest@66a3ffec]" name="flightFindermod" duration-ms="2" started-at="2017-10-07T14:13:59Z" data-provider="flightFinderData" finished-at="2017-10-07T14:13:59Z">
          <params>
            <param index="0">
              <value>
                <![CDATA[[FlightFinderDTO [passengers=2, departingFrom=London, departingOnMonth=October,departingOnDate=6, arrivingIn=Paris,returningMonth=October,returningDate=8,serviceClass=null, airline=Unified Airlines,]]]]>
              </value>
            </param>
          </params>
          <exception class="java.lang.NullPointerException">
            <full-stacktrace>
              <![CDATA[java.lang.NullPointerException
	at com.bitm.newtours.Test.FlightFinderTest.navigate(FlightFinderTest.java:42)
	at com.bitm.newtours.Test.FlightFinderTest.flightFindermod(FlightFinderTest.java:22)
	at sun.reflect.NativeMethodAccessorImpl.invoke0(Native Method)
	at sun.reflect.NativeMethodAccessorImpl.invoke(Unknown Source)
	at sun.reflect.DelegatingMethodAccessorImpl.invoke(Unknown Source)
	at java.lang.reflect.Method.invoke(Unknown Source)
	at org.testng.internal.MethodInvocationHelper.invokeMethod(MethodInvocationHelper.java:108)
	at org.testng.internal.Invoker.invokeMethod(Invoker.java:661)
	at org.testng.internal.Invoker.invokeTestMethod(Invoker.java:869)
	at org.testng.internal.Invoker.invokeTestMethods(Invoker.java:1193)
	at org.testng.internal.TestMethodWorker.invokeTestMethods(TestMethodWorker.java:126)
	at org.testng.internal.TestMethodWorker.run(TestMethodWorker.java:109)
	at org.testng.TestRunner.privateRun(TestRunner.java:744)
	at org.testng.TestRunner.run(TestRunner.java:602)
	at org.testng.SuiteRunner.runTest(SuiteRunner.java:380)
	at org.testng.SuiteRunner.runSequentially(SuiteRunner.java:375)
	at org.testng.SuiteRunner.privateRun(SuiteRunner.java:340)
	at org.testng.SuiteRunner.run(SuiteRunner.java:289)
	at org.testng.SuiteRunnerWorker.runSuite(SuiteRunnerWorker.java:52)
	at org.testng.SuiteRunnerWorker.run(SuiteRunnerWorker.java:86)
	at org.testng.TestNG.runSuitesSequentially(TestNG.java:1301)
	at org.testng.TestNG.runSuitesLocally(TestNG.java:1226)
	at org.testng.TestNG.runSuites(TestNG.java:1144)
	at org.testng.TestNG.run(TestNG.java:1115)
	at org.testng.remote.AbstractRemoteTestNG.run(AbstractRemoteTestNG.java:114)
	at org.testng.remote.RemoteTestNG.initAndRun(RemoteTestNG.java:251)
	at org.testng.remote.RemoteTestNG.main(RemoteTestNG.java:77)
]]>
            </full-stacktrace>
          </exception> <!-- java.lang.NullPointerException -->
          <reporter-output>
          </reporter-output>
        </test-method> <!-- flightFindermod -->
      </class> <!-- com.bitm.newtours.Test.FlightFinderTest -->
      <class name="com.bitm.newtours.Test.LoginTest">
        <test-method status="PASS" signature="checkloginpagetitle()[pri:1, instance:com.bitm.newtours.Test.LoginTest@6f7fd0e6]" name="checkloginpagetitle" duration-ms="8330" started-at="2017-10-07T14:13:51Z" finished-at="2017-10-07T14:13:59Z">
          <reporter-output>
          </reporter-output>
        </test-method> <!-- checkloginpagetitle -->
        <test-method status="PASS" signature="logintest(java.util.List)[pri:2, instance:com.bitm.newtours.Test.LoginTest@6f7fd0e6]" name="logintest" duration-ms="3305" started-at="2017-10-07T14:13:59Z" data-provider="loginData" finished-at="2017-10-07T14:14:03Z">
          <params>
            <param index="0">
              <value>
                <![CDATA[[LoginDTO [userName=demo, password=demo]]]]>
              </value>
            </param>
          </params>
          <reporter-output>
          </reporter-output>
        </test-method> <!-- logintest -->
      </class> <!-- com.bitm.newtours.Test.LoginTest -->
    </test> <!-- DriverTest -->
  </suite> <!-- Suite Test -->
</testng-results>
