<?xml version="1.0" encoding="UTF-8"?>
<!-- Generated by org.testng.reporters.JUnitXMLReporter -->
<testsuite hostname="DESKTOP-587759Q" ignored="0" name="DriverTest" tests="3" failures="1" timestamp="07 Oct 2017 08:14:03 GMT" time="12.075" errors="0">
  <testcase name="checkloginpagetitle" time="8.33" classname="com.bitm.newtours.Test.LoginTest"/>
  <testcase name="flightFindermod" time="0.002" classname="com.bitm.newtours.Test.FlightFinderTest">
    <failure type="java.lang.NullPointerException">
      <![CDATA[java.lang.NullPointerException
	at com.bitm.newtours.Test.FlightFinderTest.navigate(FlightFinderTest.java:42)
	at com.bitm.newtours.Test.FlightFinderTest.flightFindermod(FlightFinderTest.java:22)
... Removed 25 stack frames]]>
    </failure>
  </testcase> <!-- flightFindermod -->
  <testcase name="logintest" time="3.305" classname="com.bitm.newtours.Test.LoginTest"/>
</testsuite> <!-- DriverTest -->
